<?xml version="1.0" encoding="UTF-8"?>
<!-- Generated by org.testng.reporters.JUnitReportReporter -->
<testsuite hostname="Lenovo-PC" name="com.test.cucumber_bdd.main.TestRunner" tests="1" failures="0" timestamp="16 Sep 2019 17:17:11 GMT" time="0.051" errors="0">
  <testcase name="runScenario" time="0.051" classname="com.test.cucumber_bdd.main.TestRunner"/>
</testsuite> <!-- com.test.cucumber_bdd.main.TestRunner -->
